0 info it worked if it ends with ok
1 verbose cli [ 'D:\\DEV\\nodejs\\node.exe',
1 verbose cli   'C:\\Users\\o.riffaud\\AppData\\Roaming\\npm\\node_modules\\npm\\bin\\npm-cli.js',
1 verbose cli   'start' ]
2 info using npm@4.0.2
3 info using node@v6.10.0
4 verbose run-script [ 'prestart', 'start', 'poststart' ]
5 info lifecycle angular-examples-master@1.0.0~prestart: angular-examples-master@1.0.0
6 verbose lifecycle angular-examples-master@1.0.0~prestart: unsafe-perm in lifecycle true
7 verbose lifecycle angular-examples-master@1.0.0~prestart: PATH: C:\Users\o.riffaud\AppData\Roaming\npm\node_modules\npm\bin\node-gyp-bin;D:\angular2\toh-1\node_modules\.bin;D:\DEV\Outils\SybaseCentral\shared\Sybase Central 6.1.0\win32;D:\DEV\Outils\SybaseCentral\IQ-15_4\Bin32;C:\Users\o.riffaud\AppData\Local\Temp\I1459849636\shared\Sybase Central 6.1.0\win64;C:\Users\o.riffaud\AppData\Local\Temp\I1459849636\IQ-15_4\Bin64;C:\Users\o.riffaud\AppData\Local\Temp\I1459849636\IQ-15_4\Bin32;D:\RobotFramework\Python27\;D:\RobotFramework\Python27\Scripts;C:\Program Files (x86)\Intel\iCLS Client\;C:\Program Files\Intel\iCLS Client\;C:\ProgramData\Oracle\Java\javapath;C:\windows\system32;C:\windows;C:\windows\System32\Wbem;C:\windows\System32\WindowsPowerShell\v1.0\;C:\Program Files\Intel\Intel(R) Management Engine Components\DAL;C:\Program Files (x86)\Intel\Intel(R) Management Engine Components\DAL;C:\Program Files\Intel\Intel(R) Management Engine Components\IPT;C:\Program Files (x86)\Intel\Intel(R) Management Engine Components\IPT;C:\Program Files\TortoiseSVN\bin;C:\Program Files (x86)\Mozilla Firefox;D:\DEV\Outils\apache-maven-3.0.5\bin;D:\RobotFramework\IEDriverServer_x64_2.53.1;C:\Program Files (x86)\Google\Chrome\Application;C:\Program Files\Git\cmd;C:\Program Files\PuTTY\;D:\DEV\nodejs\;C:\Program Files (x86)\Skype\Phone\;D:\Outils\Ruby23-x64\bin;C:\Users\o.riffaud\AppData\Roaming\npm
8 verbose lifecycle angular-examples-master@1.0.0~prestart: CWD: D:\angular2\toh-1
9 silly lifecycle angular-examples-master@1.0.0~prestart: Args: [ '/d /s /c', 'npm run build' ]
10 silly lifecycle angular-examples-master@1.0.0~prestart: Returned: code: 1  signal: null
11 info lifecycle angular-examples-master@1.0.0~prestart: Failed to exec prestart script
12 verbose stack Error: angular-examples-master@1.0.0 prestart: `npm run build`
12 verbose stack Exit status 1
12 verbose stack     at EventEmitter.<anonymous> (C:\Users\o.riffaud\AppData\Roaming\npm\node_modules\npm\lib\utils\lifecycle.js:279:16)
12 verbose stack     at emitTwo (events.js:106:13)
12 verbose stack     at EventEmitter.emit (events.js:191:7)
12 verbose stack     at ChildProcess.<anonymous> (C:\Users\o.riffaud\AppData\Roaming\npm\node_modules\npm\lib\utils\spawn.js:40:14)
12 verbose stack     at emitTwo (events.js:106:13)
12 verbose stack     at ChildProcess.emit (events.js:191:7)
12 verbose stack     at maybeClose (internal/child_process.js:877:16)
12 verbose stack     at Process.ChildProcess._handle.onexit (internal/child_process.js:226:5)
13 verbose pkgid angular-examples-master@1.0.0
14 verbose cwd D:\angular2\toh-1
15 error Windows_NT 6.1.7601
16 error argv "D:\\DEV\\nodejs\\node.exe" "C:\\Users\\o.riffaud\\AppData\\Roaming\\npm\\node_modules\\npm\\bin\\npm-cli.js" "start"
17 error node v6.10.0
18 error npm  v4.0.2
19 error code ELIFECYCLE
20 error angular-examples-master@1.0.0 prestart: `npm run build`
20 error Exit status 1
21 error Failed at the angular-examples-master@1.0.0 prestart script 'npm run build'.
21 error Make sure you have the latest version of node.js and npm installed.
21 error If you do, this is most likely a problem with the angular-examples-master package,
21 error not with npm itself.
21 error Tell the author that this fails on your system:
21 error     npm run build
21 error You can get information on how to open an issue for this project with:
21 error     npm bugs angular-examples-master
21 error Or if that isn't available, you can get their info via:
21 error     npm owner ls angular-examples-master
21 error There is likely additional logging output above.
22 verbose exit [ 1, true ]
